2021-11-19 14:43:50 INFO  JdbcDdlExample:30 - 
=======CREATE tutorialDb DATABASE=======
2021-11-19 14:43:50 INFO  JdbcDdlExample:32 - 
=======DATABASE IS SUCCESSFULLY CREATED=======

2021-11-19 14:43:50 INFO  JdbcDdlExample:34 - 
=======USING tutorialDb DATABASE=======

2021-11-19 14:43:50 INFO  JdbcDdlExample:38 - 
=======CREATE employee TABLE=======
2021-11-19 14:43:50 INFO  JdbcDdlExample:40 - 
=======TABLE IS SUCCESSFULLY CREATED=======

2021-11-19 14:43:50 INFO  JdbcDdlExample:42 - 
=======SHOW TABLE STRUCTURE=======
2021-11-19 14:43:50 INFO  JdbcDdlExample:106 - employee Columns Are?= (emp_id, emp_fname, emp_lname)

2021-11-19 14:43:50 INFO  JdbcDdlExample:46 - 
=======ALTER employee TABLE=======
2021-11-19 14:43:50 INFO  JdbcDdlExample:48 - 
=======TABLE IS SUCCESSFULLY ALTERED=======

2021-11-19 14:43:50 INFO  JdbcDdlExample:50 - 
=======SHOW TABLE STRUCTURE=======
2021-11-19 14:43:50 INFO  JdbcDdlExample:106 - employee Columns Are?= (emp_id, emp_fname, emp_lname, emp_joining_date)

2021-11-19 14:43:50 INFO  JdbcDdlExample:54 - 
=======ALTER employee TABLE WITH AFTER CLAUSE=======
2021-11-19 14:43:50 INFO  JdbcDdlExample:56 - 
=======TABLE IS SUCCESSFULLY ALTERED=======

2021-11-19 14:43:50 INFO  JdbcDdlExample:58 - 
=======SHOW TABLE STRUCTURE=======
2021-11-19 14:43:50 INFO  JdbcDdlExample:106 - employee Columns Are?= (emp_id, emp_fname, emp_lname, emp_dob, emp_joining_date)

2021-11-19 14:43:50 INFO  JdbcDdlExample:62 - 
=======DROP COLUMN=======
2021-11-19 14:43:50 INFO  JdbcDdlExample:64 - 
=======COLUMN IS SUCCESSFULLY DROPPED FROM THE TABLE=======

2021-11-19 14:43:50 INFO  JdbcDdlExample:66 - 
=======SHOW TABLE STRUCTURE=======
2021-11-19 14:43:50 INFO  JdbcDdlExample:106 - employee Columns Are?= (emp_id, emp_fname, emp_dob, emp_joining_date)

2021-11-19 14:43:50 INFO  JdbcDdlExample:70 - 
=======DROP TABLE=======
2021-11-19 14:43:50 INFO  JdbcDdlExample:72 - 
=======TABLE IS SUCCESSFULLY DROPPED FROM THE DATABASE=======

2021-11-19 14:43:50 INFO  JdbcDdlExample:75 - 
=======DROP DATABASE=======
2021-11-19 14:43:50 INFO  JdbcDdlExample:77 - 
=======DATABASE IS SUCCESSFULLY DROPPED=======
